 TIME                    	GasUsage                 	heating_signal           	setpoint                 	Tin                      	occ                      	
 HOURS              	kJ/hr               	NAV                 	NAV                 	NAV                 	NAV                 	
  +0.0000000000000000E+00	  +0.0000000000000000E+00	  +1.0000000000000000E+00	  +6.0000000000000000E+01	  +2.2000000000000000E+01	  +1.0000000000000000E+00	
  +1.6666666666666666E-01	  +6.5647058823529398E+04	  +1.0000000000000000E+00	  +6.0000000000000000E+01	  +2.0989737515922759E+01	  +1.0000000000000000E+00	
  +3.3333333333333331E-01	  +6.5647058823529398E+04	  +1.0000000000000000E+00	  +6.0000000000000000E+01	  +2.0039537396443063E+01	  +1.0000000000000000E+00	
  +5.0000000000000000E-01	  +6.5647058823529398E+04	  +1.0000000000000000E+00	  +6.0000000000000000E+01	  +2.0233515830632513E+01	  +1.0000000000000000E+00	
  +6.6666666666666663E-01	  +6.5647058823529398E+04	  +1.0000000000000000E+00	  +8.0000000000000000E+01	  +2.0463556661757220E+01	  +1.0000000000000000E+00	
  +8.3333333333333337E-01	  +6.5647058823529398E+04	  +1.0000000000000000E+00	  +8.0000000000000000E+01	  +2.0807033640930491E+01	  +1.0000000000000000E+00	
  +1.0000000000000000E+00	  +6.5647058823529398E+04	  +1.0000000000000000E+00	  +8.0000000000000000E+01	  +2.1036270188010061E+01	  +1.0000000000000000E+00	
  +1.1666666666666667E+00	  +6.5647058823529398E+04	  +1.0000000000000000E+00	  +8.0000000000000000E+01	  +2.1125409377719730E+01	  +1.0000000000000000E+00	
  +1.3333333333333333E+00	  +6.5647058823529398E+04	  +1.0000000000000000E+00	  +8.0000000000000000E+01	  +2.1360341103841275E+01	  +1.0000000000000000E+00	
  +1.5000000000000000E+00	  +6.5647058823529398E+04	  +1.0000000000000000E+00	  +8.0000000000000000E+01	  +2.1545099407156563E+01	  +1.0000000000000000E+00	
  +1.6666666666666667E+00	  +6.5647058823529398E+04	  +1.0000000000000000E+00	  +8.0000000000000000E+01	  +2.1679989824295085E+01	  +1.0000000000000000E+00	
  +1.8333333333333333E+00	  +6.5647058823529398E+04	  +1.0000000000000000E+00	  +8.0000000000000000E+01	  +2.1871729650303891E+01	  +1.0000000000000000E+00	
  +2.0000000000000000E+00	  +4.5070176122508208E+04	  +1.0000000000000000E+00	  +4.0000000000000000E+01	  +2.2486450716219231E+01	  +1.0000000000000000E+00	
  +2.1666666666666665E+00	  +0.0000000000000000E+00	  +0.0000000000000000E+00	  +4.0000000000000000E+01	  +2.2923325081635603E+01	  +1.0000000000000000E+00	
  +2.3333333333333335E+00	  +0.0000000000000000E+00	  +0.0000000000000000E+00	  +4.0000000000000000E+01	  +2.2813332346267931E+01	  +1.0000000000000000E+00	
  +2.5000000000000000E+00	  +0.0000000000000000E+00	  +0.0000000000000000E+00	  +4.0000000000000000E+01	  +2.2702089101659627E+01	  +0.0000000000000000E+00	
  +2.6666666666666665E+00	  +0.0000000000000000E+00	  +0.0000000000000000E+00	  +4.0000000000000000E+01	  +2.2622889817219143E+01	  +0.0000000000000000E+00	
  +2.8333333333333335E+00	  +0.0000000000000000E+00	  +0.0000000000000000E+00	  +4.0000000000000000E+01	  +2.2585347688065958E+01	  +0.0000000000000000E+00	
  +3.0000000000000000E+00	  +0.0000000000000000E+00	  +0.0000000000000000E+00	  +4.0000000000000000E+01	  +2.2874642625659252E+01	  +0.0000000000000000E+00	
  +3.1666666666666665E+00	  +0.0000000000000000E+00	  +0.0000000000000000E+00	  +4.0000000000000000E+01	  +2.3136365392371779E+01	  +0.0000000000000000E+00	
  +3.3333333333333335E+00	  +0.0000000000000000E+00	  +0.0000000000000000E+00	  +4.0000000000000000E+01	  +2.3080055551813167E+01	  +0.0000000000000000E+00	
  +3.5000000000000000E+00	  +0.0000000000000000E+00	  +0.0000000000000000E+00	  +4.0000000000000000E+01	  +2.3063858736381093E+01	  +0.0000000000000000E+00	
  +3.6666666666666665E+00	  +0.0000000000000000E+00	  +0.0000000000000000E+00	  +4.0000000000000000E+01	  +2.3038174905053001E+01	  +0.0000000000000000E+00	
  +3.8333333333333335E+00	  +0.0000000000000000E+00	  +0.0000000000000000E+00	  +4.0000000000000000E+01	  +2.3002395971102590E+01	  +0.0000000000000000E+00	
  +4.0000000000000000E+00	  +0.0000000000000000E+00	  +0.0000000000000000E+00	  +4.0000000000000000E+01	  +2.3067049944192796E+01	  +0.0000000000000000E+00	
  +4.1666666666666670E+00	  +0.0000000000000000E+00	  +0.0000000000000000E+00	  +8.0000000000000000E+01	  +2.3140937900703840E+01	  +0.0000000000000000E+00	
  +4.3333333333333330E+00	  +0.0000000000000000E+00	  +0.0000000000000000E+00	  +8.0000000000000000E+01	  +2.3115339878191524E+01	  +0.0000000000000000E+00	
  +4.5000000000000000E+00	  +0.0000000000000000E+00	  +0.0000000000000000E+00	  +8.0000000000000000E+01	  +2.3078946013874667E+01	  +0.0000000000000000E+00	
  +4.6666666666666670E+00	  +0.0000000000000000E+00	  +0.0000000000000000E+00	  +8.0000000000000000E+01	  +2.3043146367875050E+01	  +0.0000000000000000E+00	
  +4.8333333333333330E+00	  +0.0000000000000000E+00	  +0.0000000000000000E+00	  +8.0000000000000000E+01	  +2.3012226455890548E+01	  +0.0000000000000000E+00	
  +5.0000000000000000E+00	  +0.0000000000000000E+00	  +0.0000000000000000E+00	  +8.0000000000000000E+01	  +2.2991680983196211E+01	  +0.0000000000000000E+00	
  +5.1666666666666670E+00	  +0.0000000000000000E+00	  +0.0000000000000000E+00	  +8.0000000000000000E+01	  +2.2972783642649656E+01	  +0.0000000000000000E+00	
  +5.3333333333333330E+00	  +0.0000000000000000E+00	  +0.0000000000000000E+00	  +4.0000000000000000E+01	  +2.2938412561325229E+01	  +0.0000000000000000E+00	
  +5.5000000000000000E+00	  +0.0000000000000000E+00	  +0.0000000000000000E+00	  +4.1000000000000000E+01	  +2.2911650141158113E+01	  +0.0000000000000000E+00	
  +5.6666666666666670E+00	  +0.0000000000000000E+00	  +0.0000000000000000E+00	  +4.0000000000000000E+01	  +2.2894782673023535E+01	  +0.0000000000000000E+00	
  +5.8333333333333330E+00	  +0.0000000000000000E+00	  +0.0000000000000000E+00	  +3.9999999999999986E+01	  +2.2872902986204316E+01	  +0.0000000000000000E+00	
  +6.0000000000000000E+00	  +0.0000000000000000E+00	  +0.0000000000000000E+00	  +4.3000000000000000E+01	  +2.2818720793027282E+01	  +0.0000000000000000E+00	
  +6.1666666666666670E+00	  +0.0000000000000000E+00	  +0.0000000000000000E+00	  +4.0000000000000000E+01	  +2.2774765232290228E+01	  +0.0000000000000000E+00	
  +6.3333333333333330E+00	  +0.0000000000000000E+00	  +0.0000000000000000E+00	  +4.3000000000000000E+01	  +2.2775489387058890E+01	  +0.0000000000000000E+00	
  +6.5000000000000000E+00	  +0.0000000000000000E+00	  +0.0000000000000000E+00	  +4.0000000000000000E+01	  +2.2765745297137791E+01	  +0.0000000000000000E+00	
  +6.6666666666666670E+00	  +0.0000000000000000E+00	  +0.0000000000000000E+00	  +4.0000000000000000E+01	  +2.2735951439145335E+01	  +0.0000000000000000E+00	
  +6.8333333333333330E+00	  +0.0000000000000000E+00	  +0.0000000000000000E+00	  +4.3999999999999993E+01	  +2.2703610474406457E+01	  +0.0000000000000000E+00	
